<?xml version="1.0" encoding="UTF-8"?>
<testng-results ignored="0" total="8" passed="7" failed="1" skipped="0">
  <reporter-output>
  </reporter-output>
  <suite started-at="2023-04-09T02:54:55 BDT" name="BVT Test Suite" finished-at="2023-04-09T02:56:21 BDT" duration-ms="85483">
    <groups>
    </groups>
    <test started-at="2023-04-09T02:54:55 BDT" name="BVT Test" finished-at="2023-04-09T02:56:21 BDT" duration-ms="85483">
      <class name="testcase.MyFirstTestFW">
        <test-method is-config="true" signature="setUp()[pri:0, instance:testcase.MyFirstTestFW@7161d8d1]" started-at="2023-04-09T02:54:56 BDT" name="setUp" finished-at="2023-04-09T02:55:06 BDT" duration-ms="10219" status="PASS">
          <reporter-output>
          </reporter-output>
        </test-method> <!-- setUp -->
        <test-method signature="LoginTest(java.lang.String,java.lang.String)[pri:0, instance:testcase.MyFirstTestFW@7161d8d1]" started-at="2023-04-09T02:55:06 BDT" name="LoginTest" data-provider="bvtdata" finished-at="2023-04-09T02:55:11 BDT" duration-ms="4736" status="PASS">
          <params>
            <param index="0">
              <value>
                <![CDATA[jibonrootnext@gmail.com]]>
              </value>
            </param>
            <param index="1">
              <value>
                <![CDATA[64643]]>
              </value>
            </param>
          </params>
          <reporter-output>
          </reporter-output>
        </test-method> <!-- LoginTest -->
        <test-method is-config="true" signature="tearDown()[pri:0, instance:testcase.MyFirstTestFW@7161d8d1]" started-at="2023-04-09T02:55:11 BDT" name="tearDown" finished-at="2023-04-09T02:55:11 BDT" duration-ms="129" status="PASS">
          <reporter-output>
          </reporter-output>
        </test-method> <!-- tearDown -->
        <test-method is-config="true" signature="setUp()[pri:0, instance:testcase.MyFirstTestFW@7161d8d1]" started-at="2023-04-09T02:55:11 BDT" name="setUp" finished-at="2023-04-09T02:55:17 BDT" duration-ms="5881" status="PASS">
          <reporter-output>
          </reporter-output>
        </test-method> <!-- setUp -->
        <test-method signature="LoginTest(java.lang.String,java.lang.String)[pri:0, instance:testcase.MyFirstTestFW@7161d8d1]" started-at="2023-04-09T02:55:17 BDT" name="LoginTest" data-provider="bvtdata" finished-at="2023-04-09T02:55:21 BDT" duration-ms="4405" status="PASS">
          <params>
            <param index="0">
              <value>
                <![CDATA[jibonrootnext@gmail.com]]>
              </value>
            </param>
            <param index="1">
              <value>
                <![CDATA[Ur@12345678]]>
              </value>
            </param>
          </params>
          <reporter-output>
          </reporter-output>
        </test-method> <!-- LoginTest -->
        <test-method is-config="true" signature="tearDown()[pri:0, instance:testcase.MyFirstTestFW@7161d8d1]" started-at="2023-04-09T02:55:21 BDT" name="tearDown" finished-at="2023-04-09T02:55:21 BDT" duration-ms="181" status="PASS">
          <reporter-output>
          </reporter-output>
        </test-method> <!-- tearDown -->
        <test-method is-config="true" signature="setUp()[pri:0, instance:testcase.MyFirstTestFW@7161d8d1]" started-at="2023-04-09T02:55:21 BDT" name="setUp" finished-at="2023-04-09T02:55:27 BDT" duration-ms="5727" status="PASS">
          <reporter-output>
          </reporter-output>
        </test-method> <!-- setUp -->
        <test-method signature="LoginTest(java.lang.String,java.lang.String)[pri:0, instance:testcase.MyFirstTestFW@7161d8d1]" started-at="2023-04-09T02:55:27 BDT" name="LoginTest" data-provider="bvtdata" finished-at="2023-04-09T02:55:31 BDT" duration-ms="4404" status="PASS">
          <params>
            <param index="0">
              <value>
                <![CDATA[jibonrootnext@gmail.com]]>
              </value>
            </param>
            <param index="1">
              <value>
                <![CDATA[734645]]>
              </value>
            </param>
          </params>
          <reporter-output>
          </reporter-output>
        </test-method> <!-- LoginTest -->
        <test-method is-config="true" signature="tearDown()[pri:0, instance:testcase.MyFirstTestFW@7161d8d1]" started-at="2023-04-09T02:55:31 BDT" name="tearDown" finished-at="2023-04-09T02:55:32 BDT" duration-ms="122" status="PASS">
          <reporter-output>
          </reporter-output>
        </test-method> <!-- tearDown -->
        <test-method is-config="true" signature="setUp()[pri:0, instance:testcase.MyFirstTestFW@7161d8d1]" started-at="2023-04-09T02:55:32 BDT" name="setUp" finished-at="2023-04-09T02:55:39 BDT" duration-ms="7196" status="PASS">
          <reporter-output>
          </reporter-output>
        </test-method> <!-- setUp -->
        <test-method signature="LoginTest(java.lang.String,java.lang.String)[pri:0, instance:testcase.MyFirstTestFW@7161d8d1]" started-at="2023-04-09T02:55:39 BDT" name="LoginTest" data-provider="bvtdata" finished-at="2023-04-09T02:55:42 BDT" duration-ms="3480" status="PASS">
          <params>
            <param index="0">
              <value>
                <![CDATA[jibonrootnext@gmail.com]]>
              </value>
            </param>
            <param index="1">
              <value>
                <![CDATA[9877454]]>
              </value>
            </param>
          </params>
          <reporter-output>
          </reporter-output>
        </test-method> <!-- LoginTest -->
        <test-method is-config="true" signature="tearDown()[pri:0, instance:testcase.MyFirstTestFW@7161d8d1]" started-at="2023-04-09T02:55:42 BDT" name="tearDown" finished-at="2023-04-09T02:55:42 BDT" duration-ms="117" status="PASS">
          <reporter-output>
          </reporter-output>
        </test-method> <!-- tearDown -->
        <test-method is-config="true" signature="setUp()[pri:0, instance:testcase.MyFirstTestFW@7161d8d1]" started-at="2023-04-09T02:55:42 BDT" name="setUp" finished-at="2023-04-09T02:55:48 BDT" duration-ms="5343" status="PASS">
          <reporter-output>
          </reporter-output>
        </test-method> <!-- setUp -->
        <test-method signature="LoginTest(java.lang.String,java.lang.String)[pri:0, instance:testcase.MyFirstTestFW@7161d8d1]" started-at="2023-04-09T02:55:48 BDT" name="LoginTest" data-provider="bvtdata" finished-at="2023-04-09T02:55:51 BDT" duration-ms="3644" status="PASS">
          <params>
            <param index="0">
              <value>
                <![CDATA[jibonrootnext@gmail.com]]>
              </value>
            </param>
            <param index="1">
              <value>
                <![CDATA[887533]]>
              </value>
            </param>
          </params>
          <reporter-output>
          </reporter-output>
        </test-method> <!-- LoginTest -->
        <test-method is-config="true" signature="tearDown()[pri:0, instance:testcase.MyFirstTestFW@7161d8d1]" started-at="2023-04-09T02:55:51 BDT" name="tearDown" finished-at="2023-04-09T02:55:52 BDT" duration-ms="105" status="PASS">
          <reporter-output>
          </reporter-output>
        </test-method> <!-- tearDown -->
        <test-method is-config="true" signature="setUp()[pri:0, instance:testcase.MyFirstTestFW@7161d8d1]" started-at="2023-04-09T02:55:52 BDT" name="setUp" finished-at="2023-04-09T02:55:57 BDT" duration-ms="5525" status="PASS">
          <reporter-output>
          </reporter-output>
        </test-method> <!-- setUp -->
        <test-method signature="LoginTest(java.lang.String,java.lang.String)[pri:0, instance:testcase.MyFirstTestFW@7161d8d1]" started-at="2023-04-09T02:55:57 BDT" name="LoginTest" data-provider="bvtdata" finished-at="2023-04-09T02:56:00 BDT" duration-ms="3393" status="PASS">
          <params>
            <param index="0">
              <value>
                <![CDATA[jibonrootnext@gmail.com]]>
              </value>
            </param>
            <param index="1">
              <value>
                <![CDATA[7876535]]>
              </value>
            </param>
          </params>
          <reporter-output>
          </reporter-output>
        </test-method> <!-- LoginTest -->
        <test-method is-config="true" signature="tearDown()[pri:0, instance:testcase.MyFirstTestFW@7161d8d1]" started-at="2023-04-09T02:56:00 BDT" name="tearDown" finished-at="2023-04-09T02:56:01 BDT" duration-ms="93" status="PASS">
          <reporter-output>
          </reporter-output>
        </test-method> <!-- tearDown -->
        <test-method is-config="true" signature="setUp()[pri:0, instance:testcase.MyFirstTestFW@7161d8d1]" started-at="2023-04-09T02:56:01 BDT" name="setUp" finished-at="2023-04-09T02:56:07 BDT" duration-ms="6683" status="PASS">
          <reporter-output>
          </reporter-output>
        </test-method> <!-- setUp -->
        <test-method signature="LoginTest(java.lang.String,java.lang.String)[pri:0, instance:testcase.MyFirstTestFW@7161d8d1]" started-at="2023-04-09T02:56:07 BDT" name="LoginTest" data-provider="bvtdata" finished-at="2023-04-09T02:56:11 BDT" duration-ms="3757" status="PASS">
          <params>
            <param index="0">
              <value>
                <![CDATA[jibonrootnext@gmail.com]]>
              </value>
            </param>
            <param index="1">
              <value>
                <![CDATA[985734]]>
              </value>
            </param>
          </params>
          <reporter-output>
          </reporter-output>
        </test-method> <!-- LoginTest -->
        <test-method is-config="true" signature="tearDown()[pri:0, instance:testcase.MyFirstTestFW@7161d8d1]" started-at="2023-04-09T02:56:11 BDT" name="tearDown" finished-at="2023-04-09T02:56:11 BDT" duration-ms="101" status="PASS">
          <reporter-output>
          </reporter-output>
        </test-method> <!-- tearDown -->
        <test-method is-config="true" signature="setUp()[pri:0, instance:testcase.MyFirstTestFW@7161d8d1]" started-at="2023-04-09T02:56:11 BDT" name="setUp" finished-at="2023-04-09T02:56:17 BDT" duration-ms="6053" status="PASS">
          <reporter-output>
          </reporter-output>
        </test-method> <!-- setUp -->
        <test-method signature="LoginTest(java.lang.String,java.lang.String)[pri:0, instance:testcase.MyFirstTestFW@7161d8d1]" started-at="2023-04-09T02:56:17 BDT" name="LoginTest" data-provider="bvtdata" finished-at="2023-04-09T02:56:20 BDT" duration-ms="3353" status="FAIL">
          <params>
            <param index="0">
              <value>
                <![CDATA[rteyr@gmail.com]]>
              </value>
            </param>
            <param index="1">
              <value>
                <![CDATA[73645]]>
              </value>
            </param>
          </params>
          <exception class="org.openqa.selenium.ElementNotInteractableException">
            <message>
              <![CDATA[element not interactable
  (Session info: chrome=111.0.5563.147)
Build info: version: '4.8.3', revision: 'b19b418e60'
System info: os.name: 'Windows 11', os.arch: 'amd64', os.version: '10.0', java.version: '17.0.4.1'
Driver info: org.openqa.selenium.chrome.ChromeDriver
Command: [f85f14ab47e717c7f022bc418882393b, sendKeysToElement {id=6c672ab0-d6e1-4ca3-8bfa-29b7d4f5cc8e, value=[Ljava.lang.CharSequence;@77d0dbba}]
Capabilities {acceptInsecureCerts: false, browserName: chrome, browserVersion: 111.0.5563.147, chrome: {chromedriverVersion: 111.0.5563.64 (c710e93d5b63..., userDataDir: C:\Users\shadman\AppData\Lo...}, goog:chromeOptions: {debuggerAddress: localhost:57157}, networkConnectionEnabled: false, pageLoadStrategy: normal, platformName: WINDOWS, proxy: Proxy(), se:cdp: ws://localhost:57157/devtoo..., se:cdpVersion: 111.0.5563.147, setWindowRect: true, strictFileInteractability: false, timeouts: {implicit: 0, pageLoad: 300000, script: 30000}, unhandledPromptBehavior: dismiss and notify, webauthn:extension:credBlob: true, webauthn:extension:largeBlob: true, webauthn:extension:minPinLength: true, webauthn:extension:prf: true, webauthn:virtualAuthenticators: true}
Element: [[ChromeDriver: chrome on WINDOWS (f85f14ab47e717c7f022bc418882393b)] -> xpath: //input[@id='password']]
Session ID: f85f14ab47e717c7f022bc418882393b]]>
            </message>
            <full-stacktrace>
              <![CDATA[org.openqa.selenium.ElementNotInteractableException: element not interactable
  (Session info: chrome=111.0.5563.147)
Build info: version: '4.8.3', revision: 'b19b418e60'
System info: os.name: 'Windows 11', os.arch: 'amd64', os.version: '10.0', java.version: '17.0.4.1'
Driver info: org.openqa.selenium.chrome.ChromeDriver
Command: [f85f14ab47e717c7f022bc418882393b, sendKeysToElement {id=6c672ab0-d6e1-4ca3-8bfa-29b7d4f5cc8e, value=[Ljava.lang.CharSequence;@77d0dbba}]
Capabilities {acceptInsecureCerts: false, browserName: chrome, browserVersion: 111.0.5563.147, chrome: {chromedriverVersion: 111.0.5563.64 (c710e93d5b63..., userDataDir: C:\Users\shadman\AppData\Lo...}, goog:chromeOptions: {debuggerAddress: localhost:57157}, networkConnectionEnabled: false, pageLoadStrategy: normal, platformName: WINDOWS, proxy: Proxy(), se:cdp: ws://localhost:57157/devtoo..., se:cdpVersion: 111.0.5563.147, setWindowRect: true, strictFileInteractability: false, timeouts: {implicit: 0, pageLoad: 300000, script: 30000}, unhandledPromptBehavior: dismiss and notify, webauthn:extension:credBlob: true, webauthn:extension:largeBlob: true, webauthn:extension:minPinLength: true, webauthn:extension:prf: true, webauthn:virtualAuthenticators: true}
Element: [[ChromeDriver: chrome on WINDOWS (f85f14ab47e717c7f022bc418882393b)] -> xpath: //input[@id='password']]
Session ID: f85f14ab47e717c7f022bc418882393b
at java.base/jdk.internal.reflect.NativeConstructorAccessorImpl.newInstance0(Native Method)
at java.base/jdk.internal.reflect.NativeConstructorAccessorImpl.newInstance(NativeConstructorAccessorImpl.java:77)
at java.base/jdk.internal.reflect.DelegatingConstructorAccessorImpl.newInstance(DelegatingConstructorAccessorImpl.java:45)
at java.base/java.lang.reflect.Constructor.newInstanceWithCaller(Constructor.java:499)
at java.base/java.lang.reflect.Constructor.newInstance(Constructor.java:480)
at org.openqa.selenium.remote.codec.w3c.W3CHttpResponseCodec.createException(W3CHttpResponseCodec.java:200)
at org.openqa.selenium.remote.codec.w3c.W3CHttpResponseCodec.decode(W3CHttpResponseCodec.java:133)
at org.openqa.selenium.remote.codec.w3c.W3CHttpResponseCodec.decode(W3CHttpResponseCodec.java:53)
at org.openqa.selenium.remote.HttpCommandExecutor.execute(HttpCommandExecutor.java:193)
at org.openqa.selenium.remote.service.DriverCommandExecutor.invokeExecute(DriverCommandExecutor.java:183)
at org.openqa.selenium.remote.service.DriverCommandExecutor.execute(DriverCommandExecutor.java:158)
at org.openqa.selenium.remote.RemoteWebDriver.execute(RemoteWebDriver.java:543)
at org.openqa.selenium.remote.RemoteWebElement.execute(RemoteWebElement.java:257)
at org.openqa.selenium.remote.RemoteWebElement.sendKeys(RemoteWebElement.java:113)
at testcase.MyFirstTestFW.LoginTest(MyFirstTestFW.java:25)
at java.base/jdk.internal.reflect.NativeMethodAccessorImpl.invoke0(Native Method)
at java.base/jdk.internal.reflect.NativeMethodAccessorImpl.invoke(NativeMethodAccessorImpl.java:77)
at java.base/jdk.internal.reflect.DelegatingMethodAccessorImpl.invoke(DelegatingMethodAccessorImpl.java:43)
at java.base/java.lang.reflect.Method.invoke(Method.java:568)
at org.testng.internal.invokers.MethodInvocationHelper.invokeMethod(MethodInvocationHelper.java:139)
at org.testng.internal.invokers.TestInvoker.invokeMethod(TestInvoker.java:677)
at org.testng.internal.invokers.TestInvoker.invokeTestMethod(TestInvoker.java:221)
at org.testng.internal.invokers.MethodRunner.runInSequence(MethodRunner.java:50)
at org.testng.internal.invokers.TestInvoker$MethodInvocationAgent.invoke(TestInvoker.java:969)
at org.testng.internal.invokers.TestInvoker.invokeTestMethods(TestInvoker.java:194)
at org.testng.internal.invokers.TestMethodWorker.invokeTestMethods(TestMethodWorker.java:148)
at org.testng.internal.invokers.TestMethodWorker.run(TestMethodWorker.java:128)
at java.base/java.util.ArrayList.forEach(ArrayList.java:1511)
at org.testng.TestRunner.privateRun(TestRunner.java:829)
at org.testng.TestRunner.run(TestRunner.java:602)
at org.testng.SuiteRunner.runTest(SuiteRunner.java:437)
at org.testng.SuiteRunner.runSequentially(SuiteRunner.java:431)
at org.testng.SuiteRunner.privateRun(SuiteRunner.java:391)
at org.testng.SuiteRunner.run(SuiteRunner.java:330)
at org.testng.SuiteRunnerWorker.runSuite(SuiteRunnerWorker.java:52)
at org.testng.SuiteRunnerWorker.run(SuiteRunnerWorker.java:95)
at org.testng.TestNG.runSuitesSequentially(TestNG.java:1256)
at org.testng.TestNG.runSuitesLocally(TestNG.java:1176)
at org.testng.TestNG.runSuites(TestNG.java:1099)
at org.testng.TestNG.run(TestNG.java:1067)
at org.testng.remote.AbstractRemoteTestNG.run(AbstractRemoteTestNG.java:115)
at org.testng.remote.RemoteTestNG.initAndRun(RemoteTestNG.java:251)
at org.testng.remote.RemoteTestNG.main(RemoteTestNG.java:77)
]]>
            </full-stacktrace>
          </exception> <!-- org.openqa.selenium.ElementNotInteractableException -->
          <reporter-output>
          </reporter-output>
        </test-method> <!-- LoginTest -->
        <test-method is-config="true" signature="tearDown()[pri:0, instance:testcase.MyFirstTestFW@7161d8d1]" started-at="2023-04-09T02:56:20 BDT" name="tearDown" finished-at="2023-04-09T02:56:21 BDT" duration-ms="115" status="PASS">
          <reporter-output>
          </reporter-output>
        </test-method> <!-- tearDown -->
      </class> <!-- testcase.MyFirstTestFW -->
    </test> <!-- BVT Test -->
  </suite> <!-- BVT Test Suite -->
</testng-results>
